<?xml version="1.0" encoding="UTF-8"?>
<!-- Generated by org.testng.reporters.JUnitXMLReporter -->
<testsuite ignored="0" hostname="KishoreMS" failures="0" tests="4" name="Default test" time="17.904" errors="0" timestamp="2022-04-22T19:50:14 IST">
  <testcase classname="com.base.PetStore" name="createPet" time="13.023"/>
  <testcase classname="com.base.PetStore" name="updatepet" time="1.637"/>
  <testcase classname="com.base.PetStore" name="gettheupdatedpet" time="1.578"/>
  <testcase classname="com.base.PetStore" name="deletepetid" time="1.483"/>
</testsuite> <!-- Default test -->
