<?xml version="1.0" encoding="UTF-8"?>
<testng-results ignored="0" total="4" passed="4" failed="0" skipped="0">
  <reporter-output>
  </reporter-output>
  <suite started-at="2022-04-22T19:49:57 IST" name="Default suite" finished-at="2022-04-22T19:50:14 IST" duration-ms="17904">
    <groups>
    </groups>
    <test started-at="2022-04-22T19:49:57 IST" name="Default test" finished-at="2022-04-22T19:50:14 IST" duration-ms="17904">
      <class name="com.base.PetStore">
        <test-method signature="createPet()[pri:1, instance:com.base.PetStore@ef9296d]" started-at="2022-04-22T19:49:57 IST" name="createPet" finished-at="2022-04-22T19:50:10 IST" duration-ms="13023" status="PASS">
          <reporter-output>
          </reporter-output>
        </test-method> <!-- createPet -->
        <test-method signature="updatepet()[pri:2, instance:com.base.PetStore@ef9296d]" started-at="2022-04-22T19:50:10 IST" name="updatepet" finished-at="2022-04-22T19:50:11 IST" duration-ms="1637" status="PASS">
          <reporter-output>
          </reporter-output>
        </test-method> <!-- updatepet -->
        <test-method signature="gettheupdatedpet()[pri:3, instance:com.base.PetStore@ef9296d]" started-at="2022-04-22T19:50:11 IST" name="gettheupdatedpet" finished-at="2022-04-22T19:50:13 IST" duration-ms="1578" status="PASS">
          <reporter-output>
          </reporter-output>
        </test-method> <!-- gettheupdatedpet -->
        <test-method signature="deletepetid()[pri:4, instance:com.base.PetStore@ef9296d]" started-at="2022-04-22T19:50:13 IST" name="deletepetid" finished-at="2022-04-22T19:50:14 IST" duration-ms="1483" status="PASS">
          <reporter-output>
          </reporter-output>
        </test-method> <!-- deletepetid -->
      </class> <!-- com.base.PetStore -->
    </test> <!-- Default test -->
  </suite> <!-- Default suite -->
</testng-results>
